# JRE version: Java(TM) SE Runtime Environment (8.0_25-b18) (build 1.8.0_25-b18)
# Java VM: Java HotSpot(TM) 64-Bit Server VM (25.25-b02 mixed mode windows-amd64 compressed oops)
Heap:
 PSYoungGen      total 56320K, used 11099K [0x00000007bc400000, 0x00000007c0000000, 0x00000007c0000000)
  eden space 51200K, 14% used [0x00000007bc400000,0x00000007bcb69c20,0x00000007bf600000)
  from space 5120K, 68% used [0x00000007bf600000,0x00000007bf96d0d0,0x00000007bfb00000)
  to   space 5120K, 0% used [0x00000007bfb00000,0x00000007bfb00000,0x00000007c0000000)
 ParOldGen       total 146944K, used 44562K [0x0000000700000000, 0x0000000708f80000, 0x00000007bc400000)
  object space 146944K, 30% used [0x0000000700000000,0x0000000702b84a40,0x0000000708f80000)
 Metaspace       used 56672K, capacity 57049K, committed 57728K, reserved 1099776K
  class space    used 7914K, capacity 7975K, committed 8064K, reserved 1048576K
GC Heap History (10 events):
Event: 12673.614 GC heap before
{Heap before GC invocations=181 (full 10):
 PSYoungGen      total 56320K, used 53200K [0x00000007bc400000, 0x00000007c0000000, 0x00000007c0000000)
  eden space 50688K, 100% used [0x00000007bc400000,0x00000007bf580000,0x00000007bf580000)
  from space 5632K, 44% used [0x00000007bfa80000,0x00000007bfcf4210,0x00000007c0000000)
  to   space 5120K, 0% used [0x00000007bf580000,0x00000007bf580000,0x00000007bfa80000)
 ParOldGen       total 146944K, used 44562K [0x0000000700000000, 0x0000000708f80000, 0x00000007bc400000)
  object space 146944K, 30% used [0x0000000700000000,0x0000000702b84a40,0x0000000708f80000)
 Metaspace       used 56640K, capacity 57049K, committed 57728K, reserved 1099776K
  class space    used 7914K, capacity 7975K, committed 8064K, reserved 1048576K
Event: 12673.619 GC heap after
Heap after GC invocations=181 (full 10):
 PSYoungGen      total 55808K, used 2837K [0x00000007bc400000, 0x00000007c0000000, 0x00000007c0000000)
  eden space 50688K, 0% used [0x00000007bc400000,0x00000007bc400000,0x00000007bf580000)
  from space 5120K, 55% used [0x00000007bf580000,0x00000007bf845420,0x00000007bfa80000)
  to   space 5120K, 0% used [0x00000007bfb00000,0x00000007bfb00000,0x00000007c0000000)
 ParOldGen       total 146944K, used 44562K [0x0000000700000000, 0x0000000708f80000, 0x00000007bc400000)
  object space 146944K, 30% used [0x0000000700000000,0x0000000702b84a40,0x0000000708f80000)
 Metaspace       used 56640K, capacity 57049K, committed 57728K, reserved 1099776K
  class space    used 7914K, capacity 7975K, committed 8064K, reserved 1048576K
}
Event: 12700.299 GC heap before
{Heap before GC invocations=182 (full 10):
 PSYoungGen      total 55808K, used 53525K [0x00000007bc400000, 0x00000007c0000000, 0x00000007c0000000)
  eden space 50688K, 100% used [0x00000007bc400000,0x00000007bf580000,0x00000007bf580000)
  from space 5120K, 55% used [0x00000007bf580000,0x00000007bf845420,0x00000007bfa80000)
  to   space 5120K, 0% used [0x00000007bfb00000,0x00000007bfb00000,0x00000007c0000000)
 ParOldGen       total 146944K, used 44562K [0x0000000700000000, 0x0000000708f80000, 0x00000007bc400000)
  object space 146944K, 30% used [0x0000000700000000,0x0000000702b84a40,0x0000000708f80000)
 Metaspace       used 56648K, capacity 57049K, committed 57728K, reserved 1099776K
  class space    used 7914K, capacity 7975K, committed 8064K, reserved 1048576K
Event: 12700.315 GC heap after
Heap after GC invocations=182 (full 10):
 PSYoungGen      total 56320K, used 3653K [0x00000007bc400000, 0x00000007c0000000, 0x00000007c0000000)
  eden space 51200K, 0% used [0x00000007bc400000,0x00000007bc400000,0x00000007bf600000)
  from space 5120K, 71% used [0x00000007bfb00000,0x00000007bfe916b8,0x00000007c0000000)
  to   space 5120K, 0% used [0x00000007bf600000,0x00000007bf600000,0x00000007bfb00000)
 ParOldGen       total 146944K, used 44562K [0x0000000700000000, 0x0000000708f80000, 0x00000007bc400000)
  object space 146944K, 30% used [0x0000000700000000,0x0000000702b84a40,0x0000000708f80000)
 Metaspace       used 56648K, capacity 57049K, committed 57728K, reserved 1099776K
  class space    used 7914K, capacity 7975K, committed 8064K, reserved 1048576K
}
Event: 12704.207 GC heap before
{Heap before GC invocations=183 (full 10):
 PSYoungGen      total 56320K, used 54853K [0x00000007bc400000, 0x00000007c0000000, 0x00000007c0000000)
  eden space 51200K, 100% used [0x00000007bc400000,0x00000007bf600000,0x00000007bf600000)
  from space 5120K, 71% used [0x00000007bfb00000,0x00000007bfe916b8,0x00000007c0000000)
  to   space 5120K, 0% used [0x00000007bf600000,0x00000007bf600000,0x00000007bfb00000)
 ParOldGen       total 146944K, used 44562K [0x0000000700000000, 0x0000000708f80000, 0x00000007bc400000)
  object space 146944K, 30% used [0x0000000700000000,0x0000000702b84a40,0x0000000708f80000)
 Metaspace       used 56650K, capacity 57049K, committed 57728K, reserved 1099776K
  class space    used 7914K, capacity 7975K, committed 8064K, reserved 1048576K
Event: 12704.213 GC heap after
Heap after GC invocations=183 (full 10):
 PSYoungGen      total 56320K, used 3444K [0x00000007bc400000, 0x00000007c0000000, 0x00000007c0000000)
  eden space 51200K, 0% used [0x00000007bc400000,0x00000007bc400000,0x00000007bf600000)
  from space 5120K, 67% used [0x00000007bf600000,0x00000007bf95d0d0,0x00000007bfb00000)
  to   space 5120K, 0% used [0x00000007bfb00000,0x00000007bfb00000,0x00000007c0000000)
 ParOldGen       total 146944K, used 44562K [0x0000000700000000, 0x0000000708f80000, 0x00000007bc400000)
  object space 146944K, 30% used [0x0000000700000000,0x0000000702b84a40,0x0000000708f80000)
 Metaspace       used 56650K, capacity 57049K, committed 57728K, reserved 1099776K
  class space    used 7914K, capacity 7975K, committed 8064K, reserved 1048576K
}
Event: 12704.870 GC heap before
{Heap before GC invocations=184 (full 10):
 PSYoungGen      total 56320K, used 54644K [0x00000007bc400000, 0x00000007c0000000, 0x00000007c0000000)
  eden space 51200K, 100% used [0x00000007bc400000,0x00000007bf600000,0x00000007bf600000)
  from space 5120K, 67% used [0x00000007bf600000,0x00000007bf95d0d0,0x00000007bfb00000)
  to   space 5120K, 0% used [0x00000007bfb00000,0x00000007bfb00000,0x00000007c0000000)
 ParOldGen       total 146944K, used 44562K [0x0000000700000000, 0x0000000708f80000, 0x00000007bc400000)
  object space 146944K, 30% used [0x0000000700000000,0x0000000702b84a40,0x0000000708f80000)
 Metaspace       used 56650K, capacity 57049K, committed 57728K, reserved 1099776K
  class space    used 7914K, capacity 7975K, committed 8064K, reserved 1048576K
Event: 12704.874 GC heap after
Heap after GC invocations=184 (full 10):
 PSYoungGen      total 56320K, used 3412K [0x00000007bc400000, 0x00000007c0000000, 0x00000007c0000000)
  eden space 51200K, 0% used [0x00000007bc400000,0x00000007bc400000,0x00000007bf600000)
  from space 5120K, 66% used [0x00000007bfb00000,0x00000007bfe550d0,0x00000007c0000000)
  to   space 5120K, 0% used [0x00000007bf600000,0x00000007bf600000,0x00000007bfb00000)
 ParOldGen       total 146944K, used 44562K [0x0000000700000000, 0x0000000708f80000, 0x00000007bc400000)
  object space 146944K, 30% used [0x0000000700000000,0x0000000702b84a40,0x0000000708f80000)
 Metaspace       used 56650K, capacity 57049K, committed 57728K, reserved 1099776K
  class space    used 7914K, capacity 7975K, committed 8064K, reserved 1048576K
}
Event: 12705.501 GC heap before
{Heap before GC invocations=185 (full 10):
 PSYoungGen      total 56320K, used 54612K [0x00000007bc400000, 0x00000007c0000000, 0x00000007c0000000)
  eden space 51200K, 100% used [0x00000007bc400000,0x00000007bf600000,0x00000007bf600000)
  from space 5120K, 66% used [0x00000007bfb00000,0x00000007bfe550d0,0x00000007c0000000)
  to   space 5120K, 0% used [0x00000007bf600000,0x00000007bf600000,0x00000007bfb00000)
 ParOldGen       total 146944K, used 44562K [0x0000000700000000, 0x0000000708f80000, 0x00000007bc400000)
  object space 146944K, 30% used [0x0000000700000000,0x0000000702b84a40,0x0000000708f80000)
 Metaspace       used 56663K, capacity 57049K, committed 57728K, reserved 1099776K
  class space    used 7914K, capacity 7975K, committed 8064K, reserved 1048576K
Event: 12705.506 GC heap after
Heap after GC invocations=185 (full 10):
 PSYoungGen      total 56320K, used 3508K [0x00000007bc400000, 0x00000007c0000000, 0x00000007c0000000)
  eden space 51200K, 0% used [0x00000007bc400000,0x00000007bc400000,0x00000007bf600000)
  from space 5120K, 68% used [0x00000007bf600000,0x00000007bf96d0d0,0x00000007bfb00000)
  to   space 5120K, 0% used [0x00000007bfb00000,0x00000007bfb00000,0x00000007c0000000)
 ParOldGen       total 146944K, used 44562K [0x0000000700000000, 0x0000000708f80000, 0x00000007bc400000)
  object space 146944K, 30% used [0x0000000700000000,0x0000000702b84a40,0x0000000708f80000)
 Metaspace       used 56663K, capacity 57049K, committed 57728K, reserved 1099776K
  class space    used 7914K, capacity 7975K, committed 8064K, reserved 1048576K
}

