# JRE version: Java(TM) SE Runtime Environment (8.0_25-b18) (build 1.8.0_25-b18)
# Java VM: Java HotSpot(TM) 64-Bit Server VM (25.25-b02 mixed mode windows-amd64 compressed oops)
Heap:
 PSYoungGen      total 55808K, used 10225K [0x00000007bc400000, 0x00000007c0000000, 0x00000007c0000000)
  eden space 50688K, 12% used [0x00000007bc400000,0x00000007bca586b0,0x00000007bf580000)
  from space 5120K, 72% used [0x00000007bf580000,0x00000007bf923e10,0x00000007bfa80000)
  to   space 5120K, 0% used [0x00000007bfb00000,0x00000007bfb00000,0x00000007c0000000)
 ParOldGen       total 143872K, used 59244K [0x0000000700000000, 0x0000000708c80000, 0x00000007bc400000)
  object space 143872K, 41% used [0x0000000700000000,0x00000007039db110,0x0000000708c80000)
 Metaspace       used 55622K, capacity 56007K, committed 56704K, reserved 1097728K
  class space    used 7849K, capacity 7946K, committed 8064K, reserved 1048576K
GC Heap History (10 events):
Event: 2182.571 GC heap before
{Heap before GC invocations=104 (full 3):
 PSYoungGen      total 55808K, used 53320K [0x00000007bc400000, 0x00000007c0000000, 0x00000007c0000000)
  eden space 50176K, 100% used [0x00000007bc400000,0x00000007bf500000,0x00000007bf500000)
  from space 5632K, 55% used [0x00000007bfa80000,0x00000007bfd923c0,0x00000007c0000000)
  to   space 5632K, 0% used [0x00000007bf500000,0x00000007bf500000,0x00000007bfa80000)
 ParOldGen       total 143872K, used 59004K [0x0000000700000000, 0x0000000708c80000, 0x00000007bc400000)
  object space 143872K, 41% used [0x0000000700000000,0x000000070399f110,0x0000000708c80000)
 Metaspace       used 55519K, capacity 55943K, committed 56448K, reserved 1097728K
  class space    used 7848K, capacity 7946K, committed 8064K, reserved 1048576K
Event: 2182.575 GC heap after
Heap after GC invocations=104 (full 3):
 PSYoungGen      total 55808K, used 3086K [0x00000007bc400000, 0x00000007c0000000, 0x00000007c0000000)
  eden space 50176K, 0% used [0x00000007bc400000,0x00000007bc400000,0x00000007bf500000)
  from space 5632K, 54% used [0x00000007bf500000,0x00000007bf803980,0x00000007bfa80000)
  to   space 5632K, 0% used [0x00000007bfa80000,0x00000007bfa80000,0x00000007c0000000)
 ParOldGen       total 143872K, used 59036K [0x0000000700000000, 0x0000000708c80000, 0x00000007bc400000)
  object space 143872K, 41% used [0x0000000700000000,0x00000007039a7110,0x0000000708c80000)
 Metaspace       used 55519K, capacity 55943K, committed 56448K, reserved 1097728K
  class space    used 7848K, capacity 7946K, committed 8064K, reserved 1048576K
}
Event: 2182.898 GC heap before
{Heap before GC invocations=105 (full 3):
 PSYoungGen      total 55808K, used 53262K [0x00000007bc400000, 0x00000007c0000000, 0x00000007c0000000)
  eden space 50176K, 100% used [0x00000007bc400000,0x00000007bf500000,0x00000007bf500000)
  from space 5632K, 54% used [0x00000007bf500000,0x00000007bf803980,0x00000007bfa80000)
  to   space 5632K, 0% used [0x00000007bfa80000,0x00000007bfa80000,0x00000007c0000000)
 ParOldGen       total 143872K, used 59036K [0x0000000700000000, 0x0000000708c80000, 0x00000007bc400000)
  object space 143872K, 41% used [0x0000000700000000,0x00000007039a7110,0x0000000708c80000)
 Metaspace       used 55519K, capacity 55943K, committed 56448K, reserved 1097728K
  class space    used 7848K, capacity 7946K, committed 8064K, reserved 1048576K
Event: 2182.903 GC heap after
Heap after GC invocations=105 (full 3):
 PSYoungGen      total 55808K, used 3105K [0x00000007bc400000, 0x00000007c0000000, 0x00000007c0000000)
  eden space 50176K, 0% used [0x00000007bc400000,0x00000007bc400000,0x00000007bf500000)
  from space 5632K, 55% used [0x00000007bfa80000,0x00000007bfd88760,0x00000007c0000000)
  to   space 5632K, 0% used [0x00000007bf500000,0x00000007bf500000,0x00000007bfa80000)
 ParOldGen       total 143872K, used 59052K [0x0000000700000000, 0x0000000708c80000, 0x00000007bc400000)
  object space 143872K, 41% used [0x0000000700000000,0x00000007039ab110,0x0000000708c80000)
 Metaspace       used 55519K, capacity 55943K, committed 56448K, reserved 1097728K
  class space    used 7848K, capacity 7946K, committed 8064K, reserved 1048576K
}
Event: 2183.278 GC heap before
{Heap before GC invocations=106 (full 3):
 PSYoungGen      total 55808K, used 53281K [0x00000007bc400000, 0x00000007c0000000, 0x00000007c0000000)
  eden space 50176K, 100% used [0x00000007bc400000,0x00000007bf500000,0x00000007bf500000)
  from space 5632K, 55% used [0x00000007bfa80000,0x00000007bfd88760,0x00000007c0000000)
  to   space 5632K, 0% used [0x00000007bf500000,0x00000007bf500000,0x00000007bfa80000)
 ParOldGen       total 143872K, used 59052K [0x0000000700000000, 0x0000000708c80000, 0x00000007bc400000)
  object space 143872K, 41% used [0x0000000700000000,0x00000007039ab110,0x0000000708c80000)
 Metaspace       used 55520K, capacity 55943K, committed 56448K, reserved 1097728K
  class space    used 7848K, capacity 7946K, committed 8064K, reserved 1048576K
Event: 2183.282 GC heap after
Heap after GC invocations=106 (full 3):
 PSYoungGen      total 55808K, used 3077K [0x00000007bc400000, 0x00000007c0000000, 0x00000007c0000000)
  eden space 50176K, 0% used [0x00000007bc400000,0x00000007bc400000,0x00000007bf500000)
  from space 5632K, 54% used [0x00000007bf500000,0x00000007bf801520,0x00000007bfa80000)
  to   space 5632K, 0% used [0x00000007bfa80000,0x00000007bfa80000,0x00000007c0000000)
 ParOldGen       total 143872K, used 59100K [0x0000000700000000, 0x0000000708c80000, 0x00000007bc400000)
  object space 143872K, 41% used [0x0000000700000000,0x00000007039b7110,0x0000000708c80000)
 Metaspace       used 55520K, capacity 55943K, committed 56448K, reserved 1097728K
  class space    used 7848K, capacity 7946K, committed 8064K, reserved 1048576K
}
Event: 2208.932 GC heap before
{Heap before GC invocations=107 (full 3):
 PSYoungGen      total 55808K, used 53253K [0x00000007bc400000, 0x00000007c0000000, 0x00000007c0000000)
  eden space 50176K, 100% used [0x00000007bc400000,0x00000007bf500000,0x00000007bf500000)
  from space 5632K, 54% used [0x00000007bf500000,0x00000007bf801520,0x00000007bfa80000)
  to   space 5632K, 0% used [0x00000007bfa80000,0x00000007bfa80000,0x00000007c0000000)
 ParOldGen       total 143872K, used 59100K [0x0000000700000000, 0x0000000708c80000, 0x00000007bc400000)
  object space 143872K, 41% used [0x0000000700000000,0x00000007039b7110,0x0000000708c80000)
 Metaspace       used 55563K, capacity 56007K, committed 56704K, reserved 1097728K
  class space    used 7848K, capacity 7946K, committed 8064K, reserved 1048576K
Event: 2208.982 GC heap after
Heap after GC invocations=107 (full 3):
 PSYoungGen      total 56320K, used 3375K [0x00000007bc400000, 0x00000007c0000000, 0x00000007c0000000)
  eden space 50688K, 0% used [0x00000007bc400000,0x00000007bc400000,0x00000007bf580000)
  from space 5632K, 59% used [0x00000007bfa80000,0x00000007bfdcbc38,0x00000007c0000000)
  to   space 5120K, 0% used [0x00000007bf580000,0x00000007bf580000,0x00000007bfa80000)
 ParOldGen       total 143872K, used 59228K [0x0000000700000000, 0x0000000708c80000, 0x00000007bc400000)
  object space 143872K, 41% used [0x0000000700000000,0x00000007039d7110,0x0000000708c80000)
 Metaspace       used 55563K, capacity 56007K, committed 56704K, reserved 1097728K
  class space    used 7848K, capacity 7946K, committed 8064K, reserved 1048576K
}
Event: 2327.391 GC heap before
{Heap before GC invocations=108 (full 3):
 PSYoungGen      total 56320K, used 54063K [0x00000007bc400000, 0x00000007c0000000, 0x00000007c0000000)
  eden space 50688K, 100% used [0x00000007bc400000,0x00000007bf580000,0x00000007bf580000)
  from space 5632K, 59% used [0x00000007bfa80000,0x00000007bfdcbc38,0x00000007c0000000)
  to   space 5120K, 0% used [0x00000007bf580000,0x00000007bf580000,0x00000007bfa80000)
 ParOldGen       total 143872K, used 59228K [0x0000000700000000, 0x0000000708c80000, 0x00000007bc400000)
  object space 143872K, 41% used [0x0000000700000000,0x00000007039d7110,0x0000000708c80000)
 Metaspace       used 55604K, capacity 56007K, committed 56704K, reserved 1097728K
  class space    used 7849K, capacity 7946K, committed 8064K, reserved 1048576K
Event: 2327.414 GC heap after
Heap after GC invocations=108 (full 3):
 PSYoungGen      total 55808K, used 3727K [0x00000007bc400000, 0x00000007c0000000, 0x00000007c0000000)
  eden space 50688K, 0% used [0x00000007bc400000,0x00000007bc400000,0x00000007bf580000)
  from space 5120K, 72% used [0x00000007bf580000,0x00000007bf923e10,0x00000007bfa80000)
  to   space 5120K, 0% used [0x00000007bfb00000,0x00000007bfb00000,0x00000007c0000000)
 ParOldGen       total 143872K, used 59244K [0x0000000700000000, 0x0000000708c80000, 0x00000007bc400000)
  object space 143872K, 41% used [0x0000000700000000,0x00000007039db110,0x0000000708c80000)
 Metaspace       used 55604K, capacity 56007K, committed 56704K, reserved 1097728K
  class space    used 7849K, capacity 7946K, committed 8064K, reserved 1048576K
}

