# JRE version: Java(TM) SE Runtime Environment (8.0_25-b18) (build 1.8.0_25-b18)
# Java VM: Java HotSpot(TM) 64-Bit Server VM (25.25-b02 mixed mode windows-amd64 compressed oops)
Heap:
 PSYoungGen      total 54784K, used 8889K [0x00000007bc400000, 0x00000007c0000000, 0x00000007c0000000)
  eden space 48128K, 7% used [0x00000007bc400000,0x00000007bc7a6b50,0x00000007bf300000)
  from space 6656K, 77% used [0x00000007bf300000,0x00000007bf807b88,0x00000007bf980000)
  to   space 6656K, 0% used [0x00000007bf980000,0x00000007bf980000,0x00000007c0000000)
 ParOldGen       total 148992K, used 97870K [0x0000000700000000, 0x0000000709180000, 0x00000007bc400000)
  object space 148992K, 65% used [0x0000000700000000,0x0000000705f93bd0,0x0000000709180000)
 Metaspace       used 70189K, capacity 70645K, committed 71296K, reserved 1110016K
  class space    used 9948K, capacity 10037K, committed 10112K, reserved 1048576K
GC Heap History (10 events):
Event: 8389.433 GC heap before
{Heap before GC invocations=551 (full 8):
 PSYoungGen      total 54272K, used 52091K [0x00000007bc400000, 0x00000007c0000000, 0x00000007c0000000)
  eden space 47104K, 100% used [0x00000007bc400000,0x00000007bf200000,0x00000007bf200000)
  from space 7168K, 69% used [0x00000007bf900000,0x00000007bfdded90,0x00000007c0000000)
  to   space 7168K, 0% used [0x00000007bf200000,0x00000007bf200000,0x00000007bf900000)
 ParOldGen       total 148992K, used 97622K [0x0000000700000000, 0x0000000709180000, 0x00000007bc400000)
  object space 148992K, 65% used [0x0000000700000000,0x0000000705f55bd0,0x0000000709180000)
 Metaspace       used 70161K, capacity 70573K, committed 71296K, reserved 1110016K
  class space    used 9944K, capacity 10037K, committed 10112K, reserved 1048576K
Event: 8389.439 GC heap after
Heap after GC invocations=551 (full 8):
 PSYoungGen      total 54272K, used 4939K [0x00000007bc400000, 0x00000007c0000000, 0x00000007c0000000)
  eden space 47104K, 0% used [0x00000007bc400000,0x00000007bc400000,0x00000007bf200000)
  from space 7168K, 68% used [0x00000007bf200000,0x00000007bf6d2e20,0x00000007bf900000)
  to   space 7168K, 0% used [0x00000007bf900000,0x00000007bf900000,0x00000007c0000000)
 ParOldGen       total 148992K, used 97694K [0x0000000700000000, 0x0000000709180000, 0x00000007bc400000)
  object space 148992K, 65% used [0x0000000700000000,0x0000000705f67bd0,0x0000000709180000)
 Metaspace       used 70161K, capacity 70573K, committed 71296K, reserved 1110016K
  class space    used 9944K, capacity 10037K, committed 10112K, reserved 1048576K
}
Event: 8461.711 GC heap before
{Heap before GC invocations=552 (full 8):
 PSYoungGen      total 54272K, used 52043K [0x00000007bc400000, 0x00000007c0000000, 0x00000007c0000000)
  eden space 47104K, 100% used [0x00000007bc400000,0x00000007bf200000,0x00000007bf200000)
  from space 7168K, 68% used [0x00000007bf200000,0x00000007bf6d2e20,0x00000007bf900000)
  to   space 7168K, 0% used [0x00000007bf900000,0x00000007bf900000,0x00000007c0000000)
 ParOldGen       total 148992K, used 97694K [0x0000000700000000, 0x0000000709180000, 0x00000007bc400000)
  object space 148992K, 65% used [0x0000000700000000,0x0000000705f67bd0,0x0000000709180000)
 Metaspace       used 70183K, capacity 70637K, committed 71296K, reserved 1110016K
  class space    used 9948K, capacity 10037K, committed 10112K, reserved 1048576K
Event: 8461.747 GC heap after
Heap after GC invocations=552 (full 8):
 PSYoungGen      total 54272K, used 4951K [0x00000007bc400000, 0x00000007c0000000, 0x00000007c0000000)
  eden space 47104K, 0% used [0x00000007bc400000,0x00000007bc400000,0x00000007bf200000)
  from space 7168K, 69% used [0x00000007bf900000,0x00000007bfdd5cc8,0x00000007c0000000)
  to   space 7168K, 0% used [0x00000007bf200000,0x00000007bf200000,0x00000007bf900000)
 ParOldGen       total 148992K, used 97750K [0x0000000700000000, 0x0000000709180000, 0x00000007bc400000)
  object space 148992K, 65% used [0x0000000700000000,0x0000000705f75bd0,0x0000000709180000)
 Metaspace       used 70183K, capacity 70637K, committed 71296K, reserved 1110016K
  class space    used 9948K, capacity 10037K, committed 10112K, reserved 1048576K
}
Event: 8462.690 GC heap before
{Heap before GC invocations=553 (full 8):
 PSYoungGen      total 54272K, used 52055K [0x00000007bc400000, 0x00000007c0000000, 0x00000007c0000000)
  eden space 47104K, 100% used [0x00000007bc400000,0x00000007bf200000,0x00000007bf200000)
  from space 7168K, 69% used [0x00000007bf900000,0x00000007bfdd5cc8,0x00000007c0000000)
  to   space 7168K, 0% used [0x00000007bf200000,0x00000007bf200000,0x00000007bf900000)
 ParOldGen       total 148992K, used 97750K [0x0000000700000000, 0x0000000709180000, 0x00000007bc400000)
  object space 148992K, 65% used [0x0000000700000000,0x0000000705f75bd0,0x0000000709180000)
 Metaspace       used 70183K, capacity 70637K, committed 71296K, reserved 1110016K
  class space    used 9948K, capacity 10037K, committed 10112K, reserved 1048576K
Event: 8462.697 GC heap after
Heap after GC invocations=553 (full 8):
 PSYoungGen      total 54272K, used 4430K [0x00000007bc400000, 0x00000007c0000000, 0x00000007c0000000)
  eden space 47104K, 0% used [0x00000007bc400000,0x00000007bc400000,0x00000007bf200000)
  from space 7168K, 61% used [0x00000007bf200000,0x00000007bf653810,0x00000007bf900000)
  to   space 6656K, 0% used [0x00000007bf980000,0x00000007bf980000,0x00000007c0000000)
 ParOldGen       total 148992K, used 97790K [0x0000000700000000, 0x0000000709180000, 0x00000007bc400000)
  object space 148992K, 65% used [0x0000000700000000,0x0000000705f7fbd0,0x0000000709180000)
 Metaspace       used 70183K, capacity 70637K, committed 71296K, reserved 1110016K
  class space    used 9948K, capacity 10037K, committed 10112K, reserved 1048576K
}
Event: 8463.336 GC heap before
{Heap before GC invocations=554 (full 8):
 PSYoungGen      total 54272K, used 51534K [0x00000007bc400000, 0x00000007c0000000, 0x00000007c0000000)
  eden space 47104K, 100% used [0x00000007bc400000,0x00000007bf200000,0x00000007bf200000)
  from space 7168K, 61% used [0x00000007bf200000,0x00000007bf653810,0x00000007bf900000)
  to   space 6656K, 0% used [0x00000007bf980000,0x00000007bf980000,0x00000007c0000000)
 ParOldGen       total 148992K, used 97790K [0x0000000700000000, 0x0000000709180000, 0x00000007bc400000)
  object space 148992K, 65% used [0x0000000700000000,0x0000000705f7fbd0,0x0000000709180000)
 Metaspace       used 70183K, capacity 70637K, committed 71296K, reserved 1110016K
  class space    used 9948K, capacity 10037K, committed 10112K, reserved 1048576K
Event: 8463.343 GC heap after
Heap after GC invocations=554 (full 8):
 PSYoungGen      total 54784K, used 4588K [0x00000007bc400000, 0x00000007c0000000, 0x00000007c0000000)
  eden space 48128K, 0% used [0x00000007bc400000,0x00000007bc400000,0x00000007bf300000)
  from space 6656K, 68% used [0x00000007bf980000,0x00000007bfdfb0d0,0x00000007c0000000)
  to   space 6656K, 0% used [0x00000007bf300000,0x00000007bf300000,0x00000007bf980000)
 ParOldGen       total 148992K, used 97830K [0x0000000700000000, 0x0000000709180000, 0x00000007bc400000)
  object space 148992K, 65% used [0x0000000700000000,0x0000000705f89bd0,0x0000000709180000)
 Metaspace       used 70183K, capacity 70637K, committed 71296K, reserved 1110016K
  class space    used 9948K, capacity 10037K, committed 10112K, reserved 1048576K
}
Event: 8471.404 GC heap before
{Heap before GC invocations=555 (full 8):
 PSYoungGen      total 54784K, used 52716K [0x00000007bc400000, 0x00000007c0000000, 0x00000007c0000000)
  eden space 48128K, 100% used [0x00000007bc400000,0x00000007bf300000,0x00000007bf300000)
  from space 6656K, 68% used [0x00000007bf980000,0x00000007bfdfb0d0,0x00000007c0000000)
  to   space 6656K, 0% used [0x00000007bf300000,0x00000007bf300000,0x00000007bf980000)
 ParOldGen       total 148992K, used 97830K [0x0000000700000000, 0x0000000709180000, 0x00000007bc400000)
  object space 148992K, 65% used [0x0000000700000000,0x0000000705f89bd0,0x0000000709180000)
 Metaspace       used 70189K, capacity 70645K, committed 71296K, reserved 1110016K
  class space    used 9948K, capacity 10037K, committed 10112K, reserved 1048576K
Event: 8471.412 GC heap after
Heap after GC invocations=555 (full 8):
 PSYoungGen      total 54784K, used 5150K [0x00000007bc400000, 0x00000007c0000000, 0x00000007c0000000)
  eden space 48128K, 0% used [0x00000007bc400000,0x00000007bc400000,0x00000007bf300000)
  from space 6656K, 77% used [0x00000007bf300000,0x00000007bf807b88,0x00000007bf980000)
  to   space 6656K, 0% used [0x00000007bf980000,0x00000007bf980000,0x00000007c0000000)
 ParOldGen       total 148992K, used 97870K [0x0000000700000000, 0x0000000709180000, 0x00000007bc400000)
  object space 148992K, 65% used [0x0000000700000000,0x0000000705f93bd0,0x0000000709180000)
 Metaspace       used 70189K, capacity 70645K, committed 71296K, reserved 1110016K
  class space    used 9948K, capacity 10037K, committed 10112K, reserved 1048576K
}

