# JRE version: Java(TM) SE Runtime Environment (8.0_25-b18) (build 1.8.0_25-b18)
# Java VM: Java HotSpot(TM) 64-Bit Server VM (25.25-b02 mixed mode windows-amd64 compressed oops)
Heap:
 PSYoungGen      total 50688K, used 19267K [0x00000007bc400000, 0x00000007c0000000, 0x00000007c0000000)
  eden space 40448K, 35% used [0x00000007bc400000,0x00000007bd1f4658,0x00000007beb80000)
  from space 10240K, 48% used [0x00000007beb80000,0x00000007bf05c900,0x00000007bf580000)
  to   space 10240K, 0% used [0x00000007bf600000,0x00000007bf600000,0x00000007c0000000)
 ParOldGen       total 181760K, used 36056K [0x0000000700000000, 0x000000070b180000, 0x00000007bc400000)
  object space 181760K, 19% used [0x0000000700000000,0x0000000702336010,0x000000070b180000)
 Metaspace       used 51402K, capacity 51753K, committed 52352K, reserved 1093632K
  class space    used 7420K, capacity 7477K, committed 7552K, reserved 1048576K
GC Heap History (10 events):
Event: 17.381 GC heap before
{Heap before GC invocations=28 (full 3):
 PSYoungGen      total 48128K, used 37615K [0x00000007bc400000, 0x00000007c0000000, 0x00000007c0000000)
  eden space 33792K, 99% used [0x00000007bc400000,0x00000007be4fed68,0x00000007be500000)
  from space 14336K, 26% used [0x00000007bf200000,0x00000007bf5bd068,0x00000007c0000000)
  to   space 13312K, 0% used [0x00000007be500000,0x00000007be500000,0x00000007bf200000)
 ParOldGen       total 181760K, used 36032K [0x0000000700000000, 0x000000070b180000, 0x00000007bc400000)
  object space 181760K, 19% used [0x0000000700000000,0x0000000702330010,0x000000070b180000)
 Metaspace       used 49923K, capacity 50249K, committed 50688K, reserved 1093632K
  class space    used 7244K, capacity 7317K, committed 7424K, reserved 1048576K
Event: 17.385 GC heap after
Heap after GC invocations=28 (full 3):
 PSYoungGen      total 47104K, used 3479K [0x00000007bc400000, 0x00000007c0000000, 0x00000007c0000000)
  eden space 33792K, 0% used [0x00000007bc400000,0x00000007bc400000,0x00000007be500000)
  from space 13312K, 26% used [0x00000007be500000,0x00000007be865ef8,0x00000007bf200000)
  to   space 12288K, 0% used [0x00000007bf400000,0x00000007bf400000,0x00000007c0000000)
 ParOldGen       total 181760K, used 36040K [0x0000000700000000, 0x000000070b180000, 0x00000007bc400000)
  object space 181760K, 19% used [0x0000000700000000,0x0000000702332010,0x000000070b180000)
 Metaspace       used 49923K, capacity 50249K, committed 50688K, reserved 1093632K
  class space    used 7244K, capacity 7317K, committed 7424K, reserved 1048576K
}
Event: 17.746 GC heap before
{Heap before GC invocations=29 (full 3):
 PSYoungGen      total 47104K, used 37271K [0x00000007bc400000, 0x00000007c0000000, 0x00000007c0000000)
  eden space 33792K, 100% used [0x00000007bc400000,0x00000007be500000,0x00000007be500000)
  from space 13312K, 26% used [0x00000007be500000,0x00000007be865ef8,0x00000007bf200000)
  to   space 12288K, 0% used [0x00000007bf400000,0x00000007bf400000,0x00000007c0000000)
 ParOldGen       total 181760K, used 36040K [0x0000000700000000, 0x000000070b180000, 0x00000007bc400000)
  object space 181760K, 19% used [0x0000000700000000,0x0000000702332010,0x000000070b180000)
 Metaspace       used 49932K, capacity 50249K, committed 50688K, reserved 1093632K
  class space    used 7244K, capacity 7317K, committed 7424K, reserved 1048576K
Event: 17.751 GC heap after
Heap after GC invocations=29 (full 3):
 PSYoungGen      total 49664K, used 3406K [0x00000007bc400000, 0x00000007c0000000, 0x00000007c0000000)
  eden space 37376K, 0% used [0x00000007bc400000,0x00000007bc400000,0x00000007be880000)
  from space 12288K, 27% used [0x00000007bf400000,0x00000007bf7538f8,0x00000007c0000000)
  to   space 11776K, 0% used [0x00000007be880000,0x00000007be880000,0x00000007bf400000)
 ParOldGen       total 181760K, used 36048K [0x0000000700000000, 0x000000070b180000, 0x00000007bc400000)
  object space 181760K, 19% used [0x0000000700000000,0x0000000702334010,0x000000070b180000)
 Metaspace       used 49932K, capacity 50249K, committed 50688K, reserved 1093632K
  class space    used 7244K, capacity 7317K, committed 7424K, reserved 1048576K
}
Event: 18.228 GC heap before
{Heap before GC invocations=30 (full 3):
 PSYoungGen      total 49664K, used 40782K [0x00000007bc400000, 0x00000007c0000000, 0x00000007c0000000)
  eden space 37376K, 100% used [0x00000007bc400000,0x00000007be880000,0x00000007be880000)
  from space 12288K, 27% used [0x00000007bf400000,0x00000007bf7538f8,0x00000007c0000000)
  to   space 11776K, 0% used [0x00000007be880000,0x00000007be880000,0x00000007bf400000)
 ParOldGen       total 181760K, used 36048K [0x0000000700000000, 0x000000070b180000, 0x00000007bc400000)
  object space 181760K, 19% used [0x0000000700000000,0x0000000702334010,0x000000070b180000)
 Metaspace       used 49961K, capacity 50313K, committed 50944K, reserved 1093632K
  class space    used 7245K, capacity 7317K, committed 7424K, reserved 1048576K
Event: 18.233 GC heap after
Heap after GC invocations=30 (full 3):
 PSYoungGen      total 49152K, used 3296K [0x00000007bc400000, 0x00000007c0000000, 0x00000007c0000000)
  eden space 37376K, 0% used [0x00000007bc400000,0x00000007bc400000,0x00000007be880000)
  from space 11776K, 27% used [0x00000007be880000,0x00000007bebb82a0,0x00000007bf400000)
  to   space 10752K, 0% used [0x00000007bf580000,0x00000007bf580000,0x00000007c0000000)
 ParOldGen       total 181760K, used 36048K [0x0000000700000000, 0x000000070b180000, 0x00000007bc400000)
  object space 181760K, 19% used [0x0000000700000000,0x0000000702334010,0x000000070b180000)
 Metaspace       used 49961K, capacity 50313K, committed 50944K, reserved 1093632K
  class space    used 7245K, capacity 7317K, committed 7424K, reserved 1048576K
}
Event: 18.510 GC heap before
{Heap before GC invocations=31 (full 3):
 PSYoungGen      total 49152K, used 40672K [0x00000007bc400000, 0x00000007c0000000, 0x00000007c0000000)
  eden space 37376K, 100% used [0x00000007bc400000,0x00000007be880000,0x00000007be880000)
  from space 11776K, 27% used [0x00000007be880000,0x00000007bebb82a0,0x00000007bf400000)
  to   space 10752K, 0% used [0x00000007bf580000,0x00000007bf580000,0x00000007c0000000)
 ParOldGen       total 181760K, used 36048K [0x0000000700000000, 0x000000070b180000, 0x00000007bc400000)
  object space 181760K, 19% used [0x0000000700000000,0x0000000702334010,0x000000070b180000)
 Metaspace       used 49967K, capacity 50313K, committed 50944K, reserved 1093632K
  class space    used 7245K, capacity 7317K, committed 7424K, reserved 1048576K
Event: 18.515 GC heap after
Heap after GC invocations=31 (full 3):
 PSYoungGen      total 51200K, used 3351K [0x00000007bc400000, 0x00000007c0000000, 0x00000007c0000000)
  eden space 40448K, 0% used [0x00000007bc400000,0x00000007bc400000,0x00000007beb80000)
  from space 10752K, 31% used [0x00000007bf580000,0x00000007bf8c5ca0,0x00000007c0000000)
  to   space 10240K, 0% used [0x00000007beb80000,0x00000007beb80000,0x00000007bf580000)
 ParOldGen       total 181760K, used 36056K [0x0000000700000000, 0x000000070b180000, 0x00000007bc400000)
  object space 181760K, 19% used [0x0000000700000000,0x0000000702336010,0x000000070b180000)
 Metaspace       used 49967K, capacity 50313K, committed 50944K, reserved 1093632K
  class space    used 7245K, capacity 7317K, committed 7424K, reserved 1048576K
}
Event: 24.331 GC heap before
{Heap before GC invocations=32 (full 3):
 PSYoungGen      total 51200K, used 43799K [0x00000007bc400000, 0x00000007c0000000, 0x00000007c0000000)
  eden space 40448K, 100% used [0x00000007bc400000,0x00000007beb80000,0x00000007beb80000)
  from space 10752K, 31% used [0x00000007bf580000,0x00000007bf8c5ca0,0x00000007c0000000)
  to   space 10240K, 0% used [0x00000007beb80000,0x00000007beb80000,0x00000007bf580000)
 ParOldGen       total 181760K, used 36056K [0x0000000700000000, 0x000000070b180000, 0x00000007bc400000)
  object space 181760K, 19% used [0x0000000700000000,0x0000000702336010,0x000000070b180000)
 Metaspace       used 51254K, capacity 51561K, committed 52096K, reserved 1093632K
  class space    used 7416K, capacity 7477K, committed 7552K, reserved 1048576K
Event: 24.337 GC heap after
Heap after GC invocations=32 (full 3):
 PSYoungGen      total 50688K, used 4978K [0x00000007bc400000, 0x00000007c0000000, 0x00000007c0000000)
  eden space 40448K, 0% used [0x00000007bc400000,0x00000007bc400000,0x00000007beb80000)
  from space 10240K, 48% used [0x00000007beb80000,0x00000007bf05c900,0x00000007bf580000)
  to   space 10240K, 0% used [0x00000007bf600000,0x00000007bf600000,0x00000007c0000000)
 ParOldGen       total 181760K, used 36056K [0x0000000700000000, 0x000000070b180000, 0x00000007bc400000)
  object space 181760K, 19% used [0x0000000700000000,0x0000000702336010,0x000000070b180000)
 Metaspace       used 51254K, capacity 51561K, committed 52096K, reserved 1093632K
  class space    used 7416K, capacity 7477K, committed 7552K, reserved 1048576K
}

