# JRE version: Java(TM) SE Runtime Environment (8.0_25-b18) (build 1.8.0_25-b18)
# Java VM: Java HotSpot(TM) 64-Bit Server VM (25.25-b02 mixed mode windows-amd64 compressed oops)
Heap:
 PSYoungGen      total 48128K, used 10361K [0x00000007bc400000, 0x00000007c0000000, 0x00000007c0000000)
  eden space 40448K, 7% used [0x00000007bc400000,0x00000007bc6ce508,0x00000007beb80000)
  from space 7680K, 97% used [0x00000007bec00000,0x00000007bf3502e8,0x00000007bf380000)
  to   space 10752K, 0% used [0x00000007bf580000,0x00000007bf580000,0x00000007c0000000)
 ParOldGen       total 147456K, used 57226K [0x0000000700000000, 0x0000000709000000, 0x00000007bc400000)
  object space 147456K, 38% used [0x0000000700000000,0x00000007037e2820,0x0000000709000000)
 Metaspace       used 56656K, capacity 57035K, committed 57640K, reserved 1099776K
  class space    used 7862K, capacity 7946K, committed 7984K, reserved 1048576K
GC Heap History (10 events):
Event: 2695.144 GC heap before
{Heap before GC invocations=177 (full 4):
 PSYoungGen      total 51712K, used 51708K [0x00000007bc400000, 0x00000007c0000000, 0x00000007c0000000)
  eden space 46080K, 100% used [0x00000007bc400000,0x00000007bf100000,0x00000007bf100000)
  from space 5632K, 99% used [0x00000007bfa80000,0x00000007bffff1e0,0x00000007c0000000)
  to   space 7680K, 0% used [0x00000007bf100000,0x00000007bf100000,0x00000007bf880000)
 ParOldGen       total 147456K, used 57194K [0x0000000700000000, 0x0000000709000000, 0x00000007bc400000)
  object space 147456K, 38% used [0x0000000700000000,0x00000007037da820,0x0000000709000000)
 Metaspace       used 56577K, capacity 56971K, committed 57384K, reserved 1099776K
  class space    used 7862K, capacity 7946K, committed 7984K, reserved 1048576K
Event: 2695.150 GC heap after
Heap after GC invocations=177 (full 4):
 PSYoungGen      total 51712K, used 6089K [0x00000007bc400000, 0x00000007c0000000, 0x00000007c0000000)
  eden space 45568K, 0% used [0x00000007bc400000,0x00000007bc400000,0x00000007bf080000)
  from space 6144K, 99% used [0x00000007bf100000,0x00000007bf6f2568,0x00000007bf700000)
  to   space 8192K, 0% used [0x00000007bf800000,0x00000007bf800000,0x00000007c0000000)
 ParOldGen       total 147456K, used 57194K [0x0000000700000000, 0x0000000709000000, 0x00000007bc400000)
  object space 147456K, 38% used [0x0000000700000000,0x00000007037da820,0x0000000709000000)
 Metaspace       used 56577K, capacity 56971K, committed 57384K, reserved 1099776K
  class space    used 7862K, capacity 7946K, committed 7984K, reserved 1048576K
}
Event: 2695.847 GC heap before
{Heap before GC invocations=178 (full 4):
 PSYoungGen      total 51712K, used 51657K [0x00000007bc400000, 0x00000007c0000000, 0x00000007c0000000)
  eden space 45568K, 100% used [0x00000007bc400000,0x00000007bf080000,0x00000007bf080000)
  from space 6144K, 99% used [0x00000007bf100000,0x00000007bf6f2568,0x00000007bf700000)
  to   space 8192K, 0% used [0x00000007bf800000,0x00000007bf800000,0x00000007c0000000)
 ParOldGen       total 147456K, used 57194K [0x0000000700000000, 0x0000000709000000, 0x00000007bc400000)
  object space 147456K, 38% used [0x0000000700000000,0x00000007037da820,0x0000000709000000)
 Metaspace       used 56577K, capacity 56971K, committed 57384K, reserved 1099776K
  class space    used 7862K, capacity 7946K, committed 7984K, reserved 1048576K
Event: 2695.854 GC heap after
Heap after GC invocations=178 (full 4):
 PSYoungGen      total 52224K, used 6185K [0x00000007bc400000, 0x00000007c0000000, 0x00000007c0000000)
  eden space 44032K, 0% used [0x00000007bc400000,0x00000007bc400000,0x00000007bef00000)
  from space 8192K, 75% used [0x00000007bf800000,0x00000007bfe0a568,0x00000007c0000000)
  to   space 8704K, 0% used [0x00000007bef00000,0x00000007bef00000,0x00000007bf780000)
 ParOldGen       total 147456K, used 57194K [0x0000000700000000, 0x0000000709000000, 0x00000007bc400000)
  object space 147456K, 38% used [0x0000000700000000,0x00000007037da820,0x0000000709000000)
 Metaspace       used 56577K, capacity 56971K, committed 57384K, reserved 1099776K
  class space    used 7862K, capacity 7946K, committed 7984K, reserved 1048576K
}
Event: 2703.337 GC heap before
{Heap before GC invocations=179 (full 4):
 PSYoungGen      total 52224K, used 50217K [0x00000007bc400000, 0x00000007c0000000, 0x00000007c0000000)
  eden space 44032K, 100% used [0x00000007bc400000,0x00000007bef00000,0x00000007bef00000)
  from space 8192K, 75% used [0x00000007bf800000,0x00000007bfe0a568,0x00000007c0000000)
  to   space 8704K, 0% used [0x00000007bef00000,0x00000007bef00000,0x00000007bf780000)
 ParOldGen       total 147456K, used 57194K [0x0000000700000000, 0x0000000709000000, 0x00000007bc400000)
  object space 147456K, 38% used [0x0000000700000000,0x00000007037da820,0x0000000709000000)
 Metaspace       used 56600K, capacity 56971K, committed 57384K, reserved 1099776K
  class space    used 7862K, capacity 7946K, committed 7984K, reserved 1048576K
Event: 2703.346 GC heap after
Heap after GC invocations=179 (full 4):
 PSYoungGen      total 50688K, used 6985K [0x00000007bc400000, 0x00000007c0000000, 0x00000007c0000000)
  eden space 43520K, 0% used [0x00000007bc400000,0x00000007bc400000,0x00000007bee80000)
  from space 7168K, 97% used [0x00000007bef00000,0x00000007bf5d2568,0x00000007bf600000)
  to   space 9216K, 0% used [0x00000007bf700000,0x00000007bf700000,0x00000007c0000000)
 ParOldGen       total 147456K, used 57202K [0x0000000700000000, 0x0000000709000000, 0x00000007bc400000)
  object space 147456K, 38% used [0x0000000700000000,0x00000007037dc820,0x0000000709000000)
 Metaspace       used 56600K, capacity 56971K, committed 57384K, reserved 1099776K
  class space    used 7862K, capacity 7946K, committed 7984K, reserved 1048576K
}
Event: 2799.372 GC heap before
{Heap before GC invocations=180 (full 4):
 PSYoungGen      total 50688K, used 50505K [0x00000007bc400000, 0x00000007c0000000, 0x00000007c0000000)
  eden space 43520K, 100% used [0x00000007bc400000,0x00000007bee80000,0x00000007bee80000)
  from space 7168K, 97% used [0x00000007bef00000,0x00000007bf5d2568,0x00000007bf600000)
  to   space 9216K, 0% used [0x00000007bf700000,0x00000007bf700000,0x00000007c0000000)
 ParOldGen       total 147456K, used 57202K [0x0000000700000000, 0x0000000709000000, 0x00000007bc400000)
  object space 147456K, 38% used [0x0000000700000000,0x00000007037dc820,0x0000000709000000)
 Metaspace       used 56633K, capacity 57035K, committed 57640K, reserved 1099776K
  class space    used 7862K, capacity 7946K, committed 7984K, reserved 1048576K
Event: 2799.405 GC heap after
Heap after GC invocations=180 (full 4):
 PSYoungGen      total 50176K, used 7433K [0x00000007bc400000, 0x00000007c0000000, 0x00000007c0000000)
  eden space 40960K, 0% used [0x00000007bc400000,0x00000007bc400000,0x00000007bec00000)
  from space 9216K, 80% used [0x00000007bf700000,0x00000007bfe42568,0x00000007c0000000)
  to   space 10240K, 0% used [0x00000007bec00000,0x00000007bec00000,0x00000007bf600000)
 ParOldGen       total 147456K, used 57202K [0x0000000700000000, 0x0000000709000000, 0x00000007bc400000)
  object space 147456K, 38% used [0x0000000700000000,0x00000007037dc820,0x0000000709000000)
 Metaspace       used 56633K, capacity 57035K, committed 57640K, reserved 1099776K
  class space    used 7862K, capacity 7946K, committed 7984K, reserved 1048576K
}
Event: 2891.444 GC heap before
{Heap before GC invocations=181 (full 4):
 PSYoungGen      total 50176K, used 48393K [0x00000007bc400000, 0x00000007c0000000, 0x00000007c0000000)
  eden space 40960K, 100% used [0x00000007bc400000,0x00000007bec00000,0x00000007bec00000)
  from space 9216K, 80% used [0x00000007bf700000,0x00000007bfe42568,0x00000007c0000000)
  to   space 10240K, 0% used [0x00000007bec00000,0x00000007bec00000,0x00000007bf600000)
 ParOldGen       total 147456K, used 57202K [0x0000000700000000, 0x0000000709000000, 0x00000007bc400000)
  object space 147456K, 38% used [0x0000000700000000,0x00000007037dc820,0x0000000709000000)
 Metaspace       used 56656K, capacity 57035K, committed 57640K, reserved 1099776K
  class space    used 7862K, capacity 7946K, committed 7984K, reserved 1048576K
Event: 2891.472 GC heap after
Heap after GC invocations=181 (full 4):
 PSYoungGen      total 48128K, used 7488K [0x00000007bc400000, 0x00000007c0000000, 0x00000007c0000000)
  eden space 40448K, 0% used [0x00000007bc400000,0x00000007bc400000,0x00000007beb80000)
  from space 7680K, 97% used [0x00000007bec00000,0x00000007bf3502e8,0x00000007bf380000)
  to   space 10752K, 0% used [0x00000007bf580000,0x00000007bf580000,0x00000007c0000000)
 ParOldGen       total 147456K, used 57226K [0x0000000700000000, 0x0000000709000000, 0x00000007bc400000)
  object space 147456K, 38% used [0x0000000700000000,0x00000007037e2820,0x0000000709000000)
 Metaspace       used 56656K, capacity 57035K, committed 57640K, reserved 1099776K
  class space    used 7862K, capacity 7946K, committed 7984K, reserved 1048576K
}

