# JRE version: Java(TM) SE Runtime Environment (8.0_25-b18) (build 1.8.0_25-b18)
# Java VM: Java HotSpot(TM) 64-Bit Server VM (25.25-b02 mixed mode windows-amd64 compressed oops)
Heap:
 PSYoungGen      total 53248K, used 46129K [0x00000007bc400000, 0x00000007c0000000, 0x00000007c0000000)
  eden space 45056K, 90% used [0x00000007bc400000,0x00000007bec078a0,0x00000007bf000000)
  from space 8192K, 62% used [0x00000007bf000000,0x00000007bf504f58,0x00000007bf800000)
  to   space 7680K, 0% used [0x00000007bf880000,0x00000007bf880000,0x00000007c0000000)
 ParOldGen       total 179712K, used 44263K [0x0000000700000000, 0x000000070af80000, 0x00000007bc400000)
  object space 179712K, 24% used [0x0000000700000000,0x0000000702b39c70,0x000000070af80000)
 Metaspace       used 54609K, capacity 54957K, committed 55600K, reserved 1097728K
  class space    used 7793K, capacity 7877K, committed 7984K, reserved 1048576K
GC Heap History (10 events):
Event: 216.450 GC heap before
{Heap before GC invocations=60 (full 3):
 PSYoungGen      total 52736K, used 50667K [0x00000007bc400000, 0x00000007c0000000, 0x00000007c0000000)
  eden space 44032K, 100% used [0x00000007bc400000,0x00000007bef00000,0x00000007bef00000)
  from space 8704K, 76% used [0x00000007bf780000,0x00000007bfdfaeb8,0x00000007c0000000)
  to   space 8704K, 0% used [0x00000007bef00000,0x00000007bef00000,0x00000007bf780000)
 ParOldGen       total 179712K, used 41808K [0x0000000700000000, 0x000000070af80000, 0x00000007bc400000)
  object space 179712K, 23% used [0x0000000700000000,0x00000007028d4048,0x000000070af80000)
 Metaspace       used 54321K, capacity 54727K, committed 55216K, reserved 1097728K
  class space    used 7783K, capacity 7844K, committed 7856K, reserved 1048576K
Event: 216.458 GC heap after
Heap after GC invocations=60 (full 3):
 PSYoungGen      total 52736K, used 6303K [0x00000007bc400000, 0x00000007c0000000, 0x00000007c0000000)
  eden space 44032K, 0% used [0x00000007bc400000,0x00000007bc400000,0x00000007bef00000)
  from space 8704K, 72% used [0x00000007bef00000,0x00000007bf527da0,0x00000007bf780000)
  to   space 8704K, 0% used [0x00000007bf780000,0x00000007bf780000,0x00000007c0000000)
 ParOldGen       total 179712K, used 43369K [0x0000000700000000, 0x000000070af80000, 0x00000007bc400000)
  object space 179712K, 24% used [0x0000000700000000,0x0000000702a5a690,0x000000070af80000)
 Metaspace       used 54321K, capacity 54727K, committed 55216K, reserved 1097728K
  class space    used 7783K, capacity 7844K, committed 7856K, reserved 1048576K
}
Event: 216.750 GC heap before
{Heap before GC invocations=61 (full 3):
 PSYoungGen      total 52736K, used 50335K [0x00000007bc400000, 0x00000007c0000000, 0x00000007c0000000)
  eden space 44032K, 100% used [0x00000007bc400000,0x00000007bef00000,0x00000007bef00000)
  from space 8704K, 72% used [0x00000007bef00000,0x00000007bf527da0,0x00000007bf780000)
  to   space 8704K, 0% used [0x00000007bf780000,0x00000007bf780000,0x00000007c0000000)
 ParOldGen       total 179712K, used 43369K [0x0000000700000000, 0x000000070af80000, 0x00000007bc400000)
  object space 179712K, 24% used [0x0000000700000000,0x0000000702a5a690,0x000000070af80000)
 Metaspace       used 54321K, capacity 54727K, committed 55216K, reserved 1097728K
  class space    used 7783K, capacity 7844K, committed 7856K, reserved 1048576K
Event: 216.756 GC heap after
Heap after GC invocations=61 (full 3):
 PSYoungGen      total 53248K, used 5783K [0x00000007bc400000, 0x00000007c0000000, 0x00000007c0000000)
  eden space 44544K, 0% used [0x00000007bc400000,0x00000007bc400000,0x00000007bef80000)
  from space 8704K, 66% used [0x00000007bf780000,0x00000007bfd25f90,0x00000007c0000000)
  to   space 8192K, 0% used [0x00000007bef80000,0x00000007bef80000,0x00000007bf780000)
 ParOldGen       total 179712K, used 43783K [0x0000000700000000, 0x000000070af80000, 0x00000007bc400000)
  object space 179712K, 24% used [0x0000000700000000,0x0000000702ac1c50,0x000000070af80000)
 Metaspace       used 54321K, capacity 54727K, committed 55216K, reserved 1097728K
  class space    used 7783K, capacity 7844K, committed 7856K, reserved 1048576K
}
Event: 217.729 GC heap before
{Heap before GC invocations=62 (full 3):
 PSYoungGen      total 53248K, used 50327K [0x00000007bc400000, 0x00000007c0000000, 0x00000007c0000000)
  eden space 44544K, 100% used [0x00000007bc400000,0x00000007bef80000,0x00000007bef80000)
  from space 8704K, 66% used [0x00000007bf780000,0x00000007bfd25f90,0x00000007c0000000)
  to   space 8192K, 0% used [0x00000007bef80000,0x00000007bef80000,0x00000007bf780000)
 ParOldGen       total 179712K, used 43783K [0x0000000700000000, 0x000000070af80000, 0x00000007bc400000)
  object space 179712K, 24% used [0x0000000700000000,0x0000000702ac1c50,0x000000070af80000)
 Metaspace       used 54328K, capacity 54727K, committed 55216K, reserved 1097728K
  class space    used 7783K, capacity 7844K, committed 7856K, reserved 1048576K
Event: 217.736 GC heap after
Heap after GC invocations=62 (full 3):
 PSYoungGen      total 52736K, used 5559K [0x00000007bc400000, 0x00000007c0000000, 0x00000007c0000000)
  eden space 44544K, 0% used [0x00000007bc400000,0x00000007bc400000,0x00000007bef80000)
  from space 8192K, 67% used [0x00000007bef80000,0x00000007bf4edf90,0x00000007bf780000)
  to   space 8192K, 0% used [0x00000007bf800000,0x00000007bf800000,0x00000007c0000000)
 ParOldGen       total 179712K, used 44111K [0x0000000700000000, 0x000000070af80000, 0x00000007bc400000)
  object space 179712K, 24% used [0x0000000700000000,0x0000000702b13c70,0x000000070af80000)
 Metaspace       used 54328K, capacity 54727K, committed 55216K, reserved 1097728K
  class space    used 7783K, capacity 7844K, committed 7856K, reserved 1048576K
}
Event: 218.108 GC heap before
{Heap before GC invocations=63 (full 3):
 PSYoungGen      total 52736K, used 50103K [0x00000007bc400000, 0x00000007c0000000, 0x00000007c0000000)
  eden space 44544K, 100% used [0x00000007bc400000,0x00000007bef80000,0x00000007bef80000)
  from space 8192K, 67% used [0x00000007bef80000,0x00000007bf4edf90,0x00000007bf780000)
  to   space 8192K, 0% used [0x00000007bf800000,0x00000007bf800000,0x00000007c0000000)
 ParOldGen       total 179712K, used 44111K [0x0000000700000000, 0x000000070af80000, 0x00000007bc400000)
  object space 179712K, 24% used [0x0000000700000000,0x0000000702b13c70,0x000000070af80000)
 Metaspace       used 54328K, capacity 54727K, committed 55216K, reserved 1097728K
  class space    used 7783K, capacity 7844K, committed 7856K, reserved 1048576K
Event: 218.114 GC heap after
Heap after GC invocations=63 (full 3):
 PSYoungGen      total 53248K, used 5510K [0x00000007bc400000, 0x00000007c0000000, 0x00000007c0000000)
  eden space 45056K, 0% used [0x00000007bc400000,0x00000007bc400000,0x00000007bf000000)
  from space 8192K, 67% used [0x00000007bf800000,0x00000007bfd618b8,0x00000007c0000000)
  to   space 8192K, 0% used [0x00000007bf000000,0x00000007bf000000,0x00000007bf800000)
 ParOldGen       total 179712K, used 44127K [0x0000000700000000, 0x000000070af80000, 0x00000007bc400000)
  object space 179712K, 24% used [0x0000000700000000,0x0000000702b17c70,0x000000070af80000)
 Metaspace       used 54328K, capacity 54727K, committed 55216K, reserved 1097728K
  class space    used 7783K, capacity 7844K, committed 7856K, reserved 1048576K
}
Event: 238.848 GC heap before
{Heap before GC invocations=64 (full 3):
 PSYoungGen      total 53248K, used 50566K [0x00000007bc400000, 0x00000007c0000000, 0x00000007c0000000)
  eden space 45056K, 100% used [0x00000007bc400000,0x00000007bf000000,0x00000007bf000000)
  from space 8192K, 67% used [0x00000007bf800000,0x00000007bfd618b8,0x00000007c0000000)
  to   space 8192K, 0% used [0x00000007bf000000,0x00000007bf000000,0x00000007bf800000)
 ParOldGen       total 179712K, used 44127K [0x0000000700000000, 0x000000070af80000, 0x00000007bc400000)
  object space 179712K, 24% used [0x0000000700000000,0x0000000702b17c70,0x000000070af80000)
 Metaspace       used 54505K, capacity 54893K, committed 55600K, reserved 1097728K
  class space    used 7793K, capacity 7877K, committed 7984K, reserved 1048576K
Event: 238.855 GC heap after
Heap after GC invocations=64 (full 3):
 PSYoungGen      total 53248K, used 5139K [0x00000007bc400000, 0x00000007c0000000, 0x00000007c0000000)
  eden space 45056K, 0% used [0x00000007bc400000,0x00000007bc400000,0x00000007bf000000)
  from space 8192K, 62% used [0x00000007bf000000,0x00000007bf504f58,0x00000007bf800000)
  to   space 7680K, 0% used [0x00000007bf880000,0x00000007bf880000,0x00000007c0000000)
 ParOldGen       total 179712K, used 44263K [0x0000000700000000, 0x000000070af80000, 0x00000007bc400000)
  object space 179712K, 24% used [0x0000000700000000,0x0000000702b39c70,0x000000070af80000)
 Metaspace       used 54505K, capacity 54893K, committed 55600K, reserved 1097728K
  class space    used 7793K, capacity 7877K, committed 7984K, reserved 1048576K
}

