# JRE version: Java(TM) SE Runtime Environment (8.0_25-b18) (build 1.8.0_25-b18)
# Java VM: Java HotSpot(TM) 64-Bit Server VM (25.25-b02 mixed mode windows-amd64 compressed oops)
Heap:
 PSYoungGen      total 50688K, used 19717K [0x00000007bc400000, 0x00000007c0000000, 0x00000007c0000000)
  eden space 39936K, 38% used [0x00000007bc400000,0x00000007bd331300,0x00000007beb00000)
  from space 10752K, 38% used [0x00000007bf580000,0x00000007bf9903c0,0x00000007c0000000)
  to   space 10752K, 0% used [0x00000007beb00000,0x00000007beb00000,0x00000007bf580000)
 ParOldGen       total 144896K, used 43479K [0x0000000700000000, 0x0000000708d80000, 0x00000007bc400000)
  object space 144896K, 30% used [0x0000000700000000,0x0000000702a75c60,0x0000000708d80000)
 Metaspace       used 54057K, capacity 54379K, committed 54952K, reserved 1095680K
  class space    used 7788K, capacity 7832K, committed 7856K, reserved 1048576K
GC Heap History (10 events):
Event: 153.309 GC heap before
{Heap before GC invocations=43 (full 3):
 PSYoungGen      total 50176K, used 45114K [0x00000007bc400000, 0x00000007c0000000, 0x00000007c0000000)
  eden space 39424K, 100% used [0x00000007bc400000,0x00000007bea80000,0x00000007bea80000)
  from space 10752K, 52% used [0x00000007bea80000,0x00000007bf00ea98,0x00000007bf500000)
  to   space 10752K, 0% used [0x00000007bf580000,0x00000007bf580000,0x00000007c0000000)
 ParOldGen       total 144896K, used 40037K [0x0000000700000000, 0x0000000708d80000, 0x00000007bc400000)
  object space 144896K, 27% used [0x0000000700000000,0x0000000702719438,0x0000000708d80000)
 Metaspace       used 53717K, capacity 54123K, committed 54696K, reserved 1095680K
  class space    used 7767K, capacity 7832K, committed 7856K, reserved 1048576K
Event: 153.316 GC heap after
Heap after GC invocations=43 (full 3):
 PSYoungGen      total 50688K, used 4320K [0x00000007bc400000, 0x00000007c0000000, 0x00000007c0000000)
  eden space 39936K, 0% used [0x00000007bc400000,0x00000007bc400000,0x00000007beb00000)
  from space 10752K, 40% used [0x00000007bf580000,0x00000007bf9b80d0,0x00000007c0000000)
  to   space 10752K, 0% used [0x00000007beb00000,0x00000007beb00000,0x00000007bf580000)
 ParOldGen       total 144896K, used 41797K [0x0000000700000000, 0x0000000708d80000, 0x00000007bc400000)
  object space 144896K, 28% used [0x0000000700000000,0x00000007028d1518,0x0000000708d80000)
 Metaspace       used 53717K, capacity 54123K, committed 54696K, reserved 1095680K
  class space    used 7767K, capacity 7832K, committed 7856K, reserved 1048576K
}
Event: 153.772 GC heap before
{Heap before GC invocations=44 (full 3):
 PSYoungGen      total 50688K, used 44256K [0x00000007bc400000, 0x00000007c0000000, 0x00000007c0000000)
  eden space 39936K, 100% used [0x00000007bc400000,0x00000007beb00000,0x00000007beb00000)
  from space 10752K, 40% used [0x00000007bf580000,0x00000007bf9b80d0,0x00000007c0000000)
  to   space 10752K, 0% used [0x00000007beb00000,0x00000007beb00000,0x00000007bf580000)
 ParOldGen       total 144896K, used 41797K [0x0000000700000000, 0x0000000708d80000, 0x00000007bc400000)
  object space 144896K, 28% used [0x0000000700000000,0x00000007028d1518,0x0000000708d80000)
 Metaspace       used 53722K, capacity 54123K, committed 54696K, reserved 1095680K
  class space    used 7767K, capacity 7832K, committed 7856K, reserved 1048576K
Event: 153.776 GC heap after
Heap after GC invocations=44 (full 3):
 PSYoungGen      total 50688K, used 4224K [0x00000007bc400000, 0x00000007c0000000, 0x00000007c0000000)
  eden space 39936K, 0% used [0x00000007bc400000,0x00000007bc400000,0x00000007beb00000)
  from space 10752K, 39% used [0x00000007beb00000,0x00000007bef200d0,0x00000007bf580000)
  to   space 10752K, 0% used [0x00000007bf580000,0x00000007bf580000,0x00000007c0000000)
 ParOldGen       total 144896K, used 41813K [0x0000000700000000, 0x0000000708d80000, 0x00000007bc400000)
  object space 144896K, 28% used [0x0000000700000000,0x00000007028d5518,0x0000000708d80000)
 Metaspace       used 53722K, capacity 54123K, committed 54696K, reserved 1095680K
  class space    used 7767K, capacity 7832K, committed 7856K, reserved 1048576K
}
Event: 155.679 GC heap before
{Heap before GC invocations=45 (full 3):
 PSYoungGen      total 50688K, used 44160K [0x00000007bc400000, 0x00000007c0000000, 0x00000007c0000000)
  eden space 39936K, 100% used [0x00000007bc400000,0x00000007beb00000,0x00000007beb00000)
  from space 10752K, 39% used [0x00000007beb00000,0x00000007bef200d0,0x00000007bf580000)
  to   space 10752K, 0% used [0x00000007bf580000,0x00000007bf580000,0x00000007c0000000)
 ParOldGen       total 144896K, used 41813K [0x0000000700000000, 0x0000000708d80000, 0x00000007bc400000)
  object space 144896K, 28% used [0x0000000700000000,0x00000007028d5518,0x0000000708d80000)
 Metaspace       used 53913K, capacity 54251K, committed 54696K, reserved 1095680K
  class space    used 7775K, capacity 7832K, committed 7856K, reserved 1048576K
Event: 155.684 GC heap after
Heap after GC invocations=45 (full 3):
 PSYoungGen      total 50688K, used 4520K [0x00000007bc400000, 0x00000007c0000000, 0x00000007c0000000)
  eden space 39936K, 0% used [0x00000007bc400000,0x00000007bc400000,0x00000007beb00000)
  from space 10752K, 42% used [0x00000007bf580000,0x00000007bf9ea2a0,0x00000007c0000000)
  to   space 10752K, 0% used [0x00000007beb00000,0x00000007beb00000,0x00000007bf580000)
 ParOldGen       total 144896K, used 41821K [0x0000000700000000, 0x0000000708d80000, 0x00000007bc400000)
  object space 144896K, 28% used [0x0000000700000000,0x00000007028d7518,0x0000000708d80000)
 Metaspace       used 53913K, capacity 54251K, committed 54696K, reserved 1095680K
  class space    used 7775K, capacity 7832K, committed 7856K, reserved 1048576K
}
Event: 177.304 GC heap before
{Heap before GC invocations=46 (full 3):
 PSYoungGen      total 50688K, used 44456K [0x00000007bc400000, 0x00000007c0000000, 0x00000007c0000000)
  eden space 39936K, 100% used [0x00000007bc400000,0x00000007beb00000,0x00000007beb00000)
  from space 10752K, 42% used [0x00000007bf580000,0x00000007bf9ea2a0,0x00000007c0000000)
  to   space 10752K, 0% used [0x00000007beb00000,0x00000007beb00000,0x00000007bf580000)
 ParOldGen       total 144896K, used 41821K [0x0000000700000000, 0x0000000708d80000, 0x00000007bc400000)
  object space 144896K, 28% used [0x0000000700000000,0x00000007028d7518,0x0000000708d80000)
 Metaspace       used 53971K, capacity 54315K, committed 54696K, reserved 1095680K
  class space    used 7776K, capacity 7832K, committed 7856K, reserved 1048576K
Event: 177.318 GC heap after
Heap after GC invocations=46 (full 3):
 PSYoungGen      total 50688K, used 4921K [0x00000007bc400000, 0x00000007c0000000, 0x00000007c0000000)
  eden space 39936K, 0% used [0x00000007bc400000,0x00000007bc400000,0x00000007beb00000)
  from space 10752K, 45% used [0x00000007beb00000,0x00000007befce760,0x00000007bf580000)
  to   space 10752K, 0% used [0x00000007bf580000,0x00000007bf580000,0x00000007c0000000)
 ParOldGen       total 144896K, used 41853K [0x0000000700000000, 0x0000000708d80000, 0x00000007bc400000)
  object space 144896K, 28% used [0x0000000700000000,0x00000007028df518,0x0000000708d80000)
 Metaspace       used 53971K, capacity 54315K, committed 54696K, reserved 1095680K
  class space    used 7776K, capacity 7832K, committed 7856K, reserved 1048576K
}
Event: 227.571 GC heap before
{Heap before GC invocations=47 (full 3):
 PSYoungGen      total 50688K, used 44857K [0x00000007bc400000, 0x00000007c0000000, 0x00000007c0000000)
  eden space 39936K, 100% used [0x00000007bc400000,0x00000007beb00000,0x00000007beb00000)
  from space 10752K, 45% used [0x00000007beb00000,0x00000007befce760,0x00000007bf580000)
  to   space 10752K, 0% used [0x00000007bf580000,0x00000007bf580000,0x00000007c0000000)
 ParOldGen       total 144896K, used 41853K [0x0000000700000000, 0x0000000708d80000, 0x00000007bc400000)
  object space 144896K, 28% used [0x0000000700000000,0x00000007028df518,0x0000000708d80000)
 Metaspace       used 54021K, capacity 54315K, committed 54696K, reserved 1095680K
  class space    used 7778K, capacity 7832K, committed 7856K, reserved 1048576K
Event: 227.593 GC heap after
Heap after GC invocations=47 (full 3):
 PSYoungGen      total 50688K, used 4160K [0x00000007bc400000, 0x00000007c0000000, 0x00000007c0000000)
  eden space 39936K, 0% used [0x00000007bc400000,0x00000007bc400000,0x00000007beb00000)
  from space 10752K, 38% used [0x00000007bf580000,0x00000007bf9903c0,0x00000007c0000000)
  to   space 10752K, 0% used [0x00000007beb00000,0x00000007beb00000,0x00000007bf580000)
 ParOldGen       total 144896K, used 43479K [0x0000000700000000, 0x0000000708d80000, 0x00000007bc400000)
  object space 144896K, 30% used [0x0000000700000000,0x0000000702a75c60,0x0000000708d80000)
 Metaspace       used 54021K, capacity 54315K, committed 54696K, reserved 1095680K
  class space    used 7778K, capacity 7832K, committed 7856K, reserved 1048576K
}

