# JRE version: Java(TM) SE Runtime Environment (8.0_25-b18) (build 1.8.0_25-b18)
# Java VM: Java HotSpot(TM) 64-Bit Server VM (25.25-b02 mixed mode windows-amd64 compressed oops)
Heap:
 PSYoungGen      total 48640K, used 33251K [0x00000007bc400000, 0x00000007c0000000, 0x00000007c0000000)
  eden space 35840K, 67% used [0x00000007bc400000,0x00000007bdbbc508,0x00000007be700000)
  from space 12800K, 69% used [0x00000007be700000,0x00000007befbc910,0x00000007bf380000)
  to   space 12800K, 0% used [0x00000007bf380000,0x00000007bf380000,0x00000007c0000000)
 ParOldGen       total 133632K, used 105625K [0x0000000700000000, 0x0000000708280000, 0x00000007bc400000)
  object space 133632K, 79% used [0x0000000700000000,0x0000000706726408,0x0000000708280000)
 Metaspace       used 72901K, capacity 73287K, committed 73728K, reserved 1112064K
  class space    used 10629K, capacity 10708K, committed 10752K, reserved 1048576K
GC Heap History (10 events):
Event: 17150.694 GC heap before
{Heap before GC invocations=590 (full 17):
 PSYoungGen      total 48640K, used 44112K [0x00000007bc400000, 0x00000007c0000000, 0x00000007c0000000)
  eden space 35840K, 100% used [0x00000007bc400000,0x00000007be700000,0x00000007be700000)
  from space 12800K, 64% used [0x00000007bf380000,0x00000007bfb940c8,0x00000007c0000000)
  to   space 12800K, 0% used [0x00000007be700000,0x00000007be700000,0x00000007bf380000)
 ParOldGen       total 133632K, used 105625K [0x0000000700000000, 0x0000000708280000, 0x00000007bc400000)
  object space 133632K, 79% used [0x0000000700000000,0x0000000706726408,0x0000000708280000)
 Metaspace       used 72899K, capacity 73287K, committed 73728K, reserved 1112064K
  class space    used 10629K, capacity 10708K, committed 10752K, reserved 1048576K
Event: 17150.701 GC heap after
Heap after GC invocations=590 (full 17):
 PSYoungGen      total 48640K, used 8272K [0x00000007bc400000, 0x00000007c0000000, 0x00000007c0000000)
  eden space 35840K, 0% used [0x00000007bc400000,0x00000007bc400000,0x00000007be700000)
  from space 12800K, 64% used [0x00000007be700000,0x00000007bef140c8,0x00000007bf380000)
  to   space 12800K, 0% used [0x00000007bf380000,0x00000007bf380000,0x00000007c0000000)
 ParOldGen       total 133632K, used 105625K [0x0000000700000000, 0x0000000708280000, 0x00000007bc400000)
  object space 133632K, 79% used [0x0000000700000000,0x0000000706726408,0x0000000708280000)
 Metaspace       used 72899K, capacity 73287K, committed 73728K, reserved 1112064K
  class space    used 10629K, capacity 10708K, committed 10752K, reserved 1048576K
}
Event: 17151.222 GC heap before
{Heap before GC invocations=591 (full 17):
 PSYoungGen      total 48640K, used 44112K [0x00000007bc400000, 0x00000007c0000000, 0x00000007c0000000)
  eden space 35840K, 100% used [0x00000007bc400000,0x00000007be700000,0x00000007be700000)
  from space 12800K, 64% used [0x00000007be700000,0x00000007bef140c8,0x00000007bf380000)
  to   space 12800K, 0% used [0x00000007bf380000,0x00000007bf380000,0x00000007c0000000)
 ParOldGen       total 133632K, used 105625K [0x0000000700000000, 0x0000000708280000, 0x00000007bc400000)
  object space 133632K, 79% used [0x0000000700000000,0x0000000706726408,0x0000000708280000)
 Metaspace       used 72901K, capacity 73287K, committed 73728K, reserved 1112064K
  class space    used 10629K, capacity 10708K, committed 10752K, reserved 1048576K
Event: 17151.230 GC heap after
Heap after GC invocations=591 (full 17):
 PSYoungGen      total 48640K, used 8904K [0x00000007bc400000, 0x00000007c0000000, 0x00000007c0000000)
  eden space 35840K, 0% used [0x00000007bc400000,0x00000007bc400000,0x00000007be700000)
  from space 12800K, 69% used [0x00000007bf380000,0x00000007bfc32198,0x00000007c0000000)
  to   space 12800K, 0% used [0x00000007be700000,0x00000007be700000,0x00000007bf380000)
 ParOldGen       total 133632K, used 105625K [0x0000000700000000, 0x0000000708280000, 0x00000007bc400000)
  object space 133632K, 79% used [0x0000000700000000,0x0000000706726408,0x0000000708280000)
 Metaspace       used 72901K, capacity 73287K, committed 73728K, reserved 1112064K
  class space    used 10629K, capacity 10708K, committed 10752K, reserved 1048576K
}
Event: 17152.158 GC heap before
{Heap before GC invocations=592 (full 17):
 PSYoungGen      total 48640K, used 44744K [0x00000007bc400000, 0x00000007c0000000, 0x00000007c0000000)
  eden space 35840K, 100% used [0x00000007bc400000,0x00000007be700000,0x00000007be700000)
  from space 12800K, 69% used [0x00000007bf380000,0x00000007bfc32198,0x00000007c0000000)
  to   space 12800K, 0% used [0x00000007be700000,0x00000007be700000,0x00000007bf380000)
 ParOldGen       total 133632K, used 105625K [0x0000000700000000, 0x0000000708280000, 0x00000007bc400000)
  object space 133632K, 79% used [0x0000000700000000,0x0000000706726408,0x0000000708280000)
 Metaspace       used 72901K, capacity 73287K, committed 73728K, reserved 1112064K
  class space    used 10629K, capacity 10708K, committed 10752K, reserved 1048576K
Event: 17152.166 GC heap after
Heap after GC invocations=592 (full 17):
 PSYoungGen      total 48640K, used 8858K [0x00000007bc400000, 0x00000007c0000000, 0x00000007c0000000)
  eden space 35840K, 0% used [0x00000007bc400000,0x00000007bc400000,0x00000007be700000)
  from space 12800K, 69% used [0x00000007be700000,0x00000007befa6870,0x00000007bf380000)
  to   space 12800K, 0% used [0x00000007bf380000,0x00000007bf380000,0x00000007c0000000)
 ParOldGen       total 133632K, used 105625K [0x0000000700000000, 0x0000000708280000, 0x00000007bc400000)
  object space 133632K, 79% used [0x0000000700000000,0x0000000706726408,0x0000000708280000)
 Metaspace       used 72901K, capacity 73287K, committed 73728K, reserved 1112064K
  class space    used 10629K, capacity 10708K, committed 10752K, reserved 1048576K
}
Event: 17154.007 GC heap before
{Heap before GC invocations=593 (full 17):
 PSYoungGen      total 48640K, used 44698K [0x00000007bc400000, 0x00000007c0000000, 0x00000007c0000000)
  eden space 35840K, 100% used [0x00000007bc400000,0x00000007be700000,0x00000007be700000)
  from space 12800K, 69% used [0x00000007be700000,0x00000007befa6870,0x00000007bf380000)
  to   space 12800K, 0% used [0x00000007bf380000,0x00000007bf380000,0x00000007c0000000)
 ParOldGen       total 133632K, used 105625K [0x0000000700000000, 0x0000000708280000, 0x00000007bc400000)
  object space 133632K, 79% used [0x0000000700000000,0x0000000706726408,0x0000000708280000)
 Metaspace       used 72901K, capacity 73287K, committed 73728K, reserved 1112064K
  class space    used 10629K, capacity 10708K, committed 10752K, reserved 1048576K
Event: 17154.018 GC heap after
Heap after GC invocations=593 (full 17):
 PSYoungGen      total 48640K, used 8961K [0x00000007bc400000, 0x00000007c0000000, 0x00000007c0000000)
  eden space 35840K, 0% used [0x00000007bc400000,0x00000007bc400000,0x00000007be700000)
  from space 12800K, 70% used [0x00000007bf380000,0x00000007bfc407a8,0x00000007c0000000)
  to   space 12800K, 0% used [0x00000007be700000,0x00000007be700000,0x00000007bf380000)
 ParOldGen       total 133632K, used 105625K [0x0000000700000000, 0x0000000708280000, 0x00000007bc400000)
  object space 133632K, 79% used [0x0000000700000000,0x0000000706726408,0x0000000708280000)
 Metaspace       used 72901K, capacity 73287K, committed 73728K, reserved 1112064K
  class space    used 10629K, capacity 10708K, committed 10752K, reserved 1048576K
}
Event: 17154.226 GC heap before
{Heap before GC invocations=594 (full 17):
 PSYoungGen      total 48640K, used 44801K [0x00000007bc400000, 0x00000007c0000000, 0x00000007c0000000)
  eden space 35840K, 100% used [0x00000007bc400000,0x00000007be700000,0x00000007be700000)
  from space 12800K, 70% used [0x00000007bf380000,0x00000007bfc407a8,0x00000007c0000000)
  to   space 12800K, 0% used [0x00000007be700000,0x00000007be700000,0x00000007bf380000)
 ParOldGen       total 133632K, used 105625K [0x0000000700000000, 0x0000000708280000, 0x00000007bc400000)
  object space 133632K, 79% used [0x0000000700000000,0x0000000706726408,0x0000000708280000)
 Metaspace       used 72901K, capacity 73287K, committed 73728K, reserved 1112064K
  class space    used 10629K, capacity 10708K, committed 10752K, reserved 1048576K
Event: 17154.235 GC heap after
Heap after GC invocations=594 (full 17):
 PSYoungGen      total 48640K, used 8946K [0x00000007bc400000, 0x00000007c0000000, 0x00000007c0000000)
  eden space 35840K, 0% used [0x00000007bc400000,0x00000007bc400000,0x00000007be700000)
  from space 12800K, 69% used [0x00000007be700000,0x00000007befbc910,0x00000007bf380000)
  to   space 12800K, 0% used [0x00000007bf380000,0x00000007bf380000,0x00000007c0000000)
 ParOldGen       total 133632K, used 105625K [0x0000000700000000, 0x0000000708280000, 0x00000007bc400000)
  object space 133632K, 79% used [0x0000000700000000,0x0000000706726408,0x0000000708280000)
 Metaspace       used 72901K, capacity 73287K, committed 73728K, reserved 1112064K
  class space    used 10629K, capacity 10708K, committed 10752K, reserved 1048576K
}

